<?xml version="1.0" encoding="UTF-8"?>
<testng-results skipped="0" failed="0" ignored="0" total="1" passed="1">
  <reporter-output>
  </reporter-output>
  <suite name="Suite" duration-ms="33418" started-at="2018-10-24T09:24:33Z" finished-at="2018-10-24T09:25:06Z">
    <groups>
    </groups>
    <test name="Test" duration-ms="33418" started-at="2018-10-24T09:24:33Z" finished-at="2018-10-24T09:25:06Z">
      <class name="Functionalities.Day_2">
        <test-method status="PASS" signature="sonyXperia_cost()[pri:0, instance:Functionalities.Day_2@7bb11784]" name="sonyXperia_cost" duration-ms="33396" started-at="2018-10-24T09:24:33Z" finished-at="2018-10-24T09:25:06Z">
          <reporter-output>
          </reporter-output>
        </test-method> <!-- sonyXperia_cost -->
      </class> <!-- Functionalities.Day_2 -->
    </test> <!-- Test -->
  </suite> <!-- Suite -->
</testng-results>
